C:\xampp\htdocs\job_trucking\.htaccess
C:\xampp\htdocs\job_trucking\.htaccess
C:\xampp\htdocs\job_trucking\api\.htaccess
C:\xampp\htdocs\job_trucking\api\.htaccess
C:\xampp\htdocs\job_trucking\api\index.php
C:\xampp\htdocs\job_trucking\api\index.php
C:\xampp\htdocs\job_trucking\composer.json
C:\xampp\htdocs\job_trucking\composer.json
C:\xampp\htdocs\job_trucking\controllers\ApiController.php
C:\xampp\htdocs\job_trucking\controllers\ApiController.php
C:\xampp\htdocs\job_trucking\controllers\AudittrailController.php
C:\xampp\htdocs\job_trucking\controllers\AudittrailController.php
C:\xampp\htdocs\job_trucking\controllers\BerandaController.php
C:\xampp\htdocs\job_trucking\controllers\BerandaController.php
C:\xampp\htdocs\job_trucking\controllers\ControllerBase.php
C:\xampp\htdocs\job_trucking\controllers\ControllerBase.php
C:\xampp\htdocs\job_trucking\controllers\EmployeesController.php
C:\xampp\htdocs\job_trucking\controllers\EmployeesController.php
C:\xampp\htdocs\job_trucking\controllers\JobController.php
C:\xampp\htdocs\job_trucking\controllers\JobController.php
C:\xampp\htdocs\job_trucking\controllers\LokasiController.php
C:\xampp\htdocs\job_trucking\controllers\LokasiController.php
C:\xampp\htdocs\job_trucking\controllers\OthersController.php
C:\xampp\htdocs\job_trucking\controllers\OthersController.php
C:\xampp\htdocs\job_trucking\controllers\UserlevelpermissionsController.php
C:\xampp\htdocs\job_trucking\controllers\UserlevelpermissionsController.php
C:\xampp\htdocs\job_trucking\controllers\UserlevelsController.php
C:\xampp\htdocs\job_trucking\controllers\UserlevelsController.php
C:\xampp\htdocs\job_trucking\css\ewpdf.scss
C:\xampp\htdocs\job_trucking\css\ewpdf.scss
C:\xampp\htdocs\job_trucking\css\prj_job_trucking.scss
C:\xampp\htdocs\job_trucking\css\prj_job_trucking.scss
C:\xampp\htdocs\job_trucking\css\query-builder.scss
C:\xampp\htdocs\job_trucking\css\query-builder.scss
C:\xampp\htdocs\job_trucking\css\tabulator_bootstrap5.scss
C:\xampp\htdocs\job_trucking\css\tabulator_bootstrap5.scss
C:\xampp\htdocs\job_trucking\css\tempus-dominus.scss
C:\xampp\htdocs\job_trucking\css\tempus-dominus.scss
C:\xampp\htdocs\job_trucking\files\index.html
C:\xampp\htdocs\job_trucking\files\index.html
C:\xampp\htdocs\job_trucking\index.php
C:\xampp\htdocs\job_trucking\index.php
C:\xampp\htdocs\job_trucking\js\eweditor.js
C:\xampp\htdocs\job_trucking\js\eweditor.js
C:\xampp\htdocs\job_trucking\js\userevent.js
C:\xampp\htdocs\job_trucking\js\userevent.js
C:\xampp\htdocs\job_trucking\js\userfn.js
C:\xampp\htdocs\job_trucking\js\userfn.js
C:\xampp\htdocs\job_trucking\log\index.html
C:\xampp\htdocs\job_trucking\log\index.html
C:\xampp\htdocs\job_trucking\models\Audittrail.php
C:\xampp\htdocs\job_trucking\models\Audittrail.php
C:\xampp\htdocs\job_trucking\models\AudittrailAdd.php
C:\xampp\htdocs\job_trucking\models\AudittrailAdd.php
C:\xampp\htdocs\job_trucking\models\AudittrailDelete.php
C:\xampp\htdocs\job_trucking\models\AudittrailDelete.php
C:\xampp\htdocs\job_trucking\models\AudittrailEdit.php
C:\xampp\htdocs\job_trucking\models\AudittrailEdit.php
C:\xampp\htdocs\job_trucking\models\AudittrailList.php
C:\xampp\htdocs\job_trucking\models\AudittrailList.php
C:\xampp\htdocs\job_trucking\models\AudittrailView.php
C:\xampp\htdocs\job_trucking\models\AudittrailView.php
C:\xampp\htdocs\job_trucking\models\Beranda.php
C:\xampp\htdocs\job_trucking\models\Beranda.php
C:\xampp\htdocs\job_trucking\models\ChangePassword.php
C:\xampp\htdocs\job_trucking\models\ChangePassword.php
C:\xampp\htdocs\job_trucking\models\Employees.php
C:\xampp\htdocs\job_trucking\models\Employees.php
C:\xampp\htdocs\job_trucking\models\EmployeesAdd.php
C:\xampp\htdocs\job_trucking\models\EmployeesAdd.php
C:\xampp\htdocs\job_trucking\models\EmployeesDelete.php
C:\xampp\htdocs\job_trucking\models\EmployeesDelete.php
C:\xampp\htdocs\job_trucking\models\EmployeesEdit.php
C:\xampp\htdocs\job_trucking\models\EmployeesEdit.php
C:\xampp\htdocs\job_trucking\models\EmployeesList.php
C:\xampp\htdocs\job_trucking\models\EmployeesList.php
C:\xampp\htdocs\job_trucking\models\EmployeesView.php
C:\xampp\htdocs\job_trucking\models\EmployeesView.php
C:\xampp\htdocs\job_trucking\models\Job.php
C:\xampp\htdocs\job_trucking\models\Job.php
C:\xampp\htdocs\job_trucking\models\JobAdd.php
C:\xampp\htdocs\job_trucking\models\JobAdd.php
C:\xampp\htdocs\job_trucking\models\JobDelete.php
C:\xampp\htdocs\job_trucking\models\JobDelete.php
C:\xampp\htdocs\job_trucking\models\JobEdit.php
C:\xampp\htdocs\job_trucking\models\JobEdit.php
C:\xampp\htdocs\job_trucking\models\JobList.php
C:\xampp\htdocs\job_trucking\models\JobList.php
C:\xampp\htdocs\job_trucking\models\JobView.php
C:\xampp\htdocs\job_trucking\models\JobView.php
C:\xampp\htdocs\job_trucking\models\Login.php
C:\xampp\htdocs\job_trucking\models\Login.php
C:\xampp\htdocs\job_trucking\models\Logout.php
C:\xampp\htdocs\job_trucking\models\Logout.php
C:\xampp\htdocs\job_trucking\models\Lokasi.php
C:\xampp\htdocs\job_trucking\models\Lokasi.php
C:\xampp\htdocs\job_trucking\models\LokasiAdd.php
C:\xampp\htdocs\job_trucking\models\LokasiAdd.php
C:\xampp\htdocs\job_trucking\models\LokasiDelete.php
C:\xampp\htdocs\job_trucking\models\LokasiDelete.php
C:\xampp\htdocs\job_trucking\models\LokasiEdit.php
C:\xampp\htdocs\job_trucking\models\LokasiEdit.php
C:\xampp\htdocs\job_trucking\models\LokasiList.php
C:\xampp\htdocs\job_trucking\models\LokasiList.php
C:\xampp\htdocs\job_trucking\models\LokasiView.php
C:\xampp\htdocs\job_trucking\models\LokasiView.php
C:\xampp\htdocs\job_trucking\models\PersonalData.php
C:\xampp\htdocs\job_trucking\models\PersonalData.php
C:\xampp\htdocs\job_trucking\models\Userlevelpermissions.php
C:\xampp\htdocs\job_trucking\models\Userlevelpermissions.php
C:\xampp\htdocs\job_trucking\models\UserlevelpermissionsAdd.php
C:\xampp\htdocs\job_trucking\models\UserlevelpermissionsAdd.php
C:\xampp\htdocs\job_trucking\models\UserlevelpermissionsDelete.php
C:\xampp\htdocs\job_trucking\models\UserlevelpermissionsDelete.php
C:\xampp\htdocs\job_trucking\models\UserlevelpermissionsEdit.php
C:\xampp\htdocs\job_trucking\models\UserlevelpermissionsEdit.php
C:\xampp\htdocs\job_trucking\models\UserlevelpermissionsList.php
C:\xampp\htdocs\job_trucking\models\UserlevelpermissionsList.php
C:\xampp\htdocs\job_trucking\models\UserlevelpermissionsView.php
C:\xampp\htdocs\job_trucking\models\UserlevelpermissionsView.php
C:\xampp\htdocs\job_trucking\models\Userlevels.php
C:\xampp\htdocs\job_trucking\models\Userlevels.php
C:\xampp\htdocs\job_trucking\models\UserlevelsAdd.php
C:\xampp\htdocs\job_trucking\models\UserlevelsAdd.php
C:\xampp\htdocs\job_trucking\models\UserlevelsDelete.php
C:\xampp\htdocs\job_trucking\models\UserlevelsDelete.php
C:\xampp\htdocs\job_trucking\models\UserlevelsEdit.php
C:\xampp\htdocs\job_trucking\models\UserlevelsEdit.php
C:\xampp\htdocs\job_trucking\models\UserlevelsList.php
C:\xampp\htdocs\job_trucking\models\UserlevelsList.php
C:\xampp\htdocs\job_trucking\models\UserlevelsView.php
C:\xampp\htdocs\job_trucking\models\UserlevelsView.php
C:\xampp\htdocs\job_trucking\models\Userpriv.php
C:\xampp\htdocs\job_trucking\models\Userpriv.php
C:\xampp\htdocs\job_trucking\package.json
C:\xampp\htdocs\job_trucking\package.json
C:\xampp\htdocs\job_trucking\src\AbstractController.php
C:\xampp\htdocs\job_trucking\src\AbstractController.php
C:\xampp\htdocs\job_trucking\src\AbstractEntity.php
C:\xampp\htdocs\job_trucking\src\AbstractEntity.php
C:\xampp\htdocs\job_trucking\src\AbstractExport.php
C:\xampp\htdocs\job_trucking\src\AbstractExport.php
C:\xampp\htdocs\job_trucking\src\AbstractExportBase.php
C:\xampp\htdocs\job_trucking\src\AbstractExportBase.php
C:\xampp\htdocs\job_trucking\src\AbstractTwoFactorAuthentication.php
C:\xampp\htdocs\job_trucking\src\AbstractTwoFactorAuthentication.php
C:\xampp\htdocs\job_trucking\src\AdvancedFilter.php
C:\xampp\htdocs\job_trucking\src\AdvancedFilter.php
C:\xampp\htdocs\job_trucking\src\AdvancedSearch.php
C:\xampp\htdocs\job_trucking\src\AdvancedSearch.php
C:\xampp\htdocs\job_trucking\src\AdvancedSecurity.php
C:\xampp\htdocs\job_trucking\src\AdvancedSecurity.php
C:\xampp\htdocs\job_trucking\src\Allow.php
C:\xampp\htdocs\job_trucking\src\Allow.php
C:\xampp\htdocs\job_trucking\src\ApiActionEvent.php
C:\xampp\htdocs\job_trucking\src\ApiActionEvent.php
C:\xampp\htdocs\job_trucking\src\ApiPermissionMiddleware.php
C:\xampp\htdocs\job_trucking\src\ApiPermissionMiddleware.php
C:\xampp\htdocs\job_trucking\src\Attributes.php
C:\xampp\htdocs\job_trucking\src\Attributes.php
C:\xampp\htdocs\job_trucking\src\Attributes\Delete.php
C:\xampp\htdocs\job_trucking\src\Attributes\Delete.php
C:\xampp\htdocs\job_trucking\src\Attributes\Get.php
C:\xampp\htdocs\job_trucking\src\Attributes\Get.php
C:\xampp\htdocs\job_trucking\src\Attributes\Map.php
C:\xampp\htdocs\job_trucking\src\Attributes\Map.php
C:\xampp\htdocs\job_trucking\src\Attributes\Options.php
C:\xampp\htdocs\job_trucking\src\Attributes\Options.php
C:\xampp\htdocs\job_trucking\src\Attributes\Patch.php
C:\xampp\htdocs\job_trucking\src\Attributes\Patch.php
C:\xampp\htdocs\job_trucking\src\Attributes\Post.php
C:\xampp\htdocs\job_trucking\src\Attributes\Post.php
C:\xampp\htdocs\job_trucking\src\Attributes\Put.php
C:\xampp\htdocs\job_trucking\src\Attributes\Put.php
C:\xampp\htdocs\job_trucking\src\AuditTrailHandler.php
C:\xampp\htdocs\job_trucking\src\AuditTrailHandler.php
C:\xampp\htdocs\job_trucking\src\AzureAD.php
C:\xampp\htdocs\job_trucking\src\AzureAD.php
C:\xampp\htdocs\job_trucking\src\BasicSearch.php
C:\xampp\htdocs\job_trucking\src\BasicSearch.php
C:\xampp\htdocs\job_trucking\src\Breadcrumb.php
C:\xampp\htdocs\job_trucking\src\Breadcrumb.php
C:\xampp\htdocs\job_trucking\src\BytesType.php
C:\xampp\htdocs\job_trucking\src\BytesType.php
C:\xampp\htdocs\job_trucking\src\CaptchaBase.php
C:\xampp\htdocs\job_trucking\src\CaptchaBase.php
C:\xampp\htdocs\job_trucking\src\CaptchaInterface.php
C:\xampp\htdocs\job_trucking\src\CaptchaInterface.php
C:\xampp\htdocs\job_trucking\src\ChartExporter.php
C:\xampp\htdocs\job_trucking\src\ChartExporter.php
C:\xampp\htdocs\job_trucking\src\ChartJsRenderer.php
C:\xampp\htdocs\job_trucking\src\ChartJsRenderer.php
C:\xampp\htdocs\job_trucking\src\ChartRendererInterface.php
C:\xampp\htdocs\job_trucking\src\ChartRendererInterface.php
C:\xampp\htdocs\job_trucking\src\ChartTypes.php
C:\xampp\htdocs\job_trucking\src\ChartTypes.php
C:\xampp\htdocs\job_trucking\src\ConfigurationEvent.php
C:\xampp\htdocs\job_trucking\src\ConfigurationEvent.php
C:\xampp\htdocs\job_trucking\src\ContainerBuildEvent.php
C:\xampp\htdocs\job_trucking\src\ContainerBuildEvent.php
C:\xampp\htdocs\job_trucking\src\CorsMiddleware.php
C:\xampp\htdocs\job_trucking\src\CorsMiddleware.php
C:\xampp\htdocs\job_trucking\src\CrosstabColumn.php
C:\xampp\htdocs\job_trucking\src\CrosstabColumn.php
C:\xampp\htdocs\job_trucking\src\CrosstabTable.php
C:\xampp\htdocs\job_trucking\src\CrosstabTable.php
C:\xampp\htdocs\job_trucking\src\CustomUploadHandler.php
C:\xampp\htdocs\job_trucking\src\CustomUploadHandler.php
C:\xampp\htdocs\job_trucking\src\DataType.php
C:\xampp\htdocs\job_trucking\src\DataType.php
C:\xampp\htdocs\job_trucking\src\DatabaseConnectedEvent.php
C:\xampp\htdocs\job_trucking\src\DatabaseConnectedEvent.php
C:\xampp\htdocs\job_trucking\src\DatabaseConnectingEvent.php
C:\xampp\htdocs\job_trucking\src\DatabaseConnectingEvent.php
C:\xampp\htdocs\job_trucking\src\DbChart.php
C:\xampp\htdocs\job_trucking\src\DbChart.php
C:\xampp\htdocs\job_trucking\src\DbField.php
C:\xampp\htdocs\job_trucking\src\DbField.php
C:\xampp\htdocs\job_trucking\src\DbTable.php
C:\xampp\htdocs\job_trucking\src\DbTable.php
C:\xampp\htdocs\job_trucking\src\DbTableBase.php
C:\xampp\htdocs\job_trucking\src\DbTableBase.php
C:\xampp\htdocs\job_trucking\src\DebugSqlLogger.php
C:\xampp\htdocs\job_trucking\src\DebugSqlLogger.php
C:\xampp\htdocs\job_trucking\src\Email.php
C:\xampp\htdocs\job_trucking\src\Email.php
C:\xampp\htdocs\job_trucking\src\EmailTwoFactorAuthentication.php
C:\xampp\htdocs\job_trucking\src\EmailTwoFactorAuthentication.php
C:\xampp\htdocs\job_trucking\src\EntityDescriptor.php
C:\xampp\htdocs\job_trucking\src\EntityDescriptor.php
C:\xampp\htdocs\job_trucking\src\Entity\Audittrail.php
C:\xampp\htdocs\job_trucking\src\Entity\Audittrail.php
C:\xampp\htdocs\job_trucking\src\Entity\Employee.php
C:\xampp\htdocs\job_trucking\src\Entity\Employee.php
C:\xampp\htdocs\job_trucking\src\Entity\Job.php
C:\xampp\htdocs\job_trucking\src\Entity\Job.php
C:\xampp\htdocs\job_trucking\src\Entity\Lokasi.php
C:\xampp\htdocs\job_trucking\src\Entity\Lokasi.php
C:\xampp\htdocs\job_trucking\src\Entity\Userlevel.php
C:\xampp\htdocs\job_trucking\src\Entity\Userlevel.php
C:\xampp\htdocs\job_trucking\src\Entity\Userlevelpermission.php
C:\xampp\htdocs\job_trucking\src\Entity\Userlevelpermission.php
C:\xampp\htdocs\job_trucking\src\ExportCsv.php
C:\xampp\htdocs\job_trucking\src\ExportCsv.php
C:\xampp\htdocs\job_trucking\src\ExportEmail.php
C:\xampp\htdocs\job_trucking\src\ExportEmail.php
C:\xampp\htdocs\job_trucking\src\ExportExcel.php
C:\xampp\htdocs\job_trucking\src\ExportExcel.php
C:\xampp\htdocs\job_trucking\src\ExportHandler.php
C:\xampp\htdocs\job_trucking\src\ExportHandler.php
C:\xampp\htdocs\job_trucking\src\ExportHtml.php
C:\xampp\htdocs\job_trucking\src\ExportHtml.php
C:\xampp\htdocs\job_trucking\src\ExportJson.php
C:\xampp\htdocs\job_trucking\src\ExportJson.php
C:\xampp\htdocs\job_trucking\src\ExportPdf.php
C:\xampp\htdocs\job_trucking\src\ExportPdf.php
C:\xampp\htdocs\job_trucking\src\ExportWord.php
C:\xampp\htdocs\job_trucking\src\ExportWord.php
C:\xampp\htdocs\job_trucking\src\ExportXml.php
C:\xampp\htdocs\job_trucking\src\ExportXml.php
C:\xampp\htdocs\job_trucking\src\FileUploadHandler.php
C:\xampp\htdocs\job_trucking\src\FileUploadHandler.php
C:\xampp\htdocs\job_trucking\src\FileViewer.php
C:\xampp\htdocs\job_trucking\src\FileViewer.php
C:\xampp\htdocs\job_trucking\src\ForceLogoutUserAction.php
C:\xampp\htdocs\job_trucking\src\ForceLogoutUserAction.php
C:\xampp\htdocs\job_trucking\src\GeographyType.php
C:\xampp\htdocs\job_trucking\src\GeographyType.php
C:\xampp\htdocs\job_trucking\src\GeometryType.php
C:\xampp\htdocs\job_trucking\src\GeometryType.php
C:\xampp\htdocs\job_trucking\src\HierarchyIdType.php
C:\xampp\htdocs\job_trucking\src\HierarchyIdType.php
C:\xampp\htdocs\job_trucking\src\HttpErrorHandler.php
C:\xampp\htdocs\job_trucking\src\HttpErrorHandler.php
C:\xampp\htdocs\job_trucking\src\HttpForm.php
C:\xampp\htdocs\job_trucking\src\HttpForm.php
C:\xampp\htdocs\job_trucking\src\HttpServiceUnavailableException.php
C:\xampp\htdocs\job_trucking\src\HttpServiceUnavailableException.php
C:\xampp\htdocs\job_trucking\src\HttpSession.php
C:\xampp\htdocs\job_trucking\src\HttpSession.php
C:\xampp\htdocs\job_trucking\src\HttpUpload.php
C:\xampp\htdocs\job_trucking\src\HttpUpload.php
C:\xampp\htdocs\job_trucking\src\JwtMiddleware.php
C:\xampp\htdocs\job_trucking\src\JwtMiddleware.php
C:\xampp\htdocs\job_trucking\src\Language.php
C:\xampp\htdocs\job_trucking\src\Language.php
C:\xampp\htdocs\job_trucking\src\LanguageLoadEvent.php
C:\xampp\htdocs\job_trucking\src\LanguageLoadEvent.php
C:\xampp\htdocs\job_trucking\src\LaravelSessionMiddleware.php
C:\xampp\htdocs\job_trucking\src\LaravelSessionMiddleware.php
C:\xampp\htdocs\job_trucking\src\LdapConn.php
C:\xampp\htdocs\job_trucking\src\LdapConn.php
C:\xampp\htdocs\job_trucking\src\ListAction.php
C:\xampp\htdocs\job_trucking\src\ListAction.php
C:\xampp\htdocs\job_trucking\src\ListActions.php
C:\xampp\htdocs\job_trucking\src\ListActions.php
C:\xampp\htdocs\job_trucking\src\ListOption.php
C:\xampp\htdocs\job_trucking\src\ListOption.php
C:\xampp\htdocs\job_trucking\src\ListOptions.php
C:\xampp\htdocs\job_trucking\src\ListOptions.php
C:\xampp\htdocs\job_trucking\src\ListOptionsArray.php
C:\xampp\htdocs\job_trucking\src\ListOptionsArray.php
C:\xampp\htdocs\job_trucking\src\LoginStatusEvent.php
C:\xampp\htdocs\job_trucking\src\LoginStatusEvent.php
C:\xampp\htdocs\job_trucking\src\Lookup.php
C:\xampp\htdocs\job_trucking\src\Lookup.php
C:\xampp\htdocs\job_trucking\src\MaintenanceMiddleware.php
C:\xampp\htdocs\job_trucking\src\MaintenanceMiddleware.php
C:\xampp\htdocs\job_trucking\src\Menu.php
C:\xampp\htdocs\job_trucking\src\Menu.php
C:\xampp\htdocs\job_trucking\src\MenuItem.php
C:\xampp\htdocs\job_trucking\src\MenuItem.php
C:\xampp\htdocs\job_trucking\src\MenuItemAddingEvent.php
C:\xampp\htdocs\job_trucking\src\MenuItemAddingEvent.php
C:\xampp\htdocs\job_trucking\src\MenuRenderedEvent.php
C:\xampp\htdocs\job_trucking\src\MenuRenderedEvent.php
C:\xampp\htdocs\job_trucking\src\MenuRenderingEvent.php
C:\xampp\htdocs\job_trucking\src\MenuRenderingEvent.php
C:\xampp\htdocs\job_trucking\src\MessagesTrait.php
C:\xampp\htdocs\job_trucking\src\MessagesTrait.php
C:\xampp\htdocs\job_trucking\src\NumericPager.php
C:\xampp\htdocs\job_trucking\src\NumericPager.php
C:\xampp\htdocs\job_trucking\src\OptionValues.php
C:\xampp\htdocs\job_trucking\src\OptionValues.php
C:\xampp\htdocs\job_trucking\src\PageLoadingEvent.php
C:\xampp\htdocs\job_trucking\src\PageLoadingEvent.php
C:\xampp\htdocs\job_trucking\src\PageRenderingEvent.php
C:\xampp\htdocs\job_trucking\src\PageRenderingEvent.php
C:\xampp\htdocs\job_trucking\src\PageUnloadedEvent.php
C:\xampp\htdocs\job_trucking\src\PageUnloadedEvent.php
C:\xampp\htdocs\job_trucking\src\Pager.php
C:\xampp\htdocs\job_trucking\src\Pager.php
C:\xampp\htdocs\job_trucking\src\PagerItem.php
C:\xampp\htdocs\job_trucking\src\PagerItem.php
C:\xampp\htdocs\job_trucking\src\PasswordHash.php
C:\xampp\htdocs\job_trucking\src\PasswordHash.php
C:\xampp\htdocs\job_trucking\src\PermissionMiddleware.php
C:\xampp\htdocs\job_trucking\src\PermissionMiddleware.php
C:\xampp\htdocs\job_trucking\src\PhpEncryption.php
C:\xampp\htdocs\job_trucking\src\PhpEncryption.php
C:\xampp\htdocs\job_trucking\src\PragmaRxTwoFactorAuthentication.php
C:\xampp\htdocs\job_trucking\src\PragmaRxTwoFactorAuthentication.php
C:\xampp\htdocs\job_trucking\src\PrevNextPager.php
C:\xampp\htdocs\job_trucking\src\PrevNextPager.php
C:\xampp\htdocs\job_trucking\src\PushNotification.php
C:\xampp\htdocs\job_trucking\src\PushNotification.php
C:\xampp\htdocs\job_trucking\src\ReportField.php
C:\xampp\htdocs\job_trucking\src\ReportField.php
C:\xampp\htdocs\job_trucking\src\ReportTable.php
C:\xampp\htdocs\job_trucking\src\ReportTable.php
C:\xampp\htdocs\job_trucking\src\ResendRegisterEmailAction.php
C:\xampp\htdocs\job_trucking\src\ResendRegisterEmailAction.php
C:\xampp\htdocs\job_trucking\src\ResetConcurrentUserAction.php
C:\xampp\htdocs\job_trucking\src\ResetConcurrentUserAction.php
C:\xampp\htdocs\job_trucking\src\ResetLoginRetryAction.php
C:\xampp\htdocs\job_trucking\src\ResetLoginRetryAction.php
C:\xampp\htdocs\job_trucking\src\ResetUserSecretAction.php
C:\xampp\htdocs\job_trucking\src\ResetUserSecretAction.php
C:\xampp\htdocs\job_trucking\src\RouteActionEvent.php
C:\xampp\htdocs\job_trucking\src\RouteActionEvent.php
C:\xampp\htdocs\job_trucking\src\RouteAttributes.php
C:\xampp\htdocs\job_trucking\src\RouteAttributes.php
C:\xampp\htdocs\job_trucking\src\RowSummary.php
C:\xampp\htdocs\job_trucking\src\RowSummary.php
C:\xampp\htdocs\job_trucking\src\RowTotal.php
C:\xampp\htdocs\job_trucking\src\RowTotal.php
C:\xampp\htdocs\job_trucking\src\RowType.php
C:\xampp\htdocs\job_trucking\src\RowType.php
C:\xampp\htdocs\job_trucking\src\Saml2.php
C:\xampp\htdocs\job_trucking\src\Saml2.php
C:\xampp\htdocs\job_trucking\src\SessionHandler.php
C:\xampp\htdocs\job_trucking\src\SessionHandler.php
C:\xampp\htdocs\job_trucking\src\SetPasswordExpiredAction.php
C:\xampp\htdocs\job_trucking\src\SetPasswordExpiredAction.php
C:\xampp\htdocs\job_trucking\src\Sms.php
C:\xampp\htdocs\job_trucking\src\Sms.php
C:\xampp\htdocs\job_trucking\src\SmsTwoFactorAuthentication.php
C:\xampp\htdocs\job_trucking\src\SmsTwoFactorAuthentication.php
C:\xampp\htdocs\job_trucking\src\SsoStateSessionStore.php
C:\xampp\htdocs\job_trucking\src\SsoStateSessionStore.php
C:\xampp\htdocs\job_trucking\src\SubPage.php
C:\xampp\htdocs\job_trucking\src\SubPage.php
C:\xampp\htdocs\job_trucking\src\SubPages.php
C:\xampp\htdocs\job_trucking\src\SubPages.php
C:\xampp\htdocs\job_trucking\src\SummaryField.php
C:\xampp\htdocs\job_trucking\src\SummaryField.php
C:\xampp\htdocs\job_trucking\src\Timer.php
C:\xampp\htdocs\job_trucking\src\Timer.php
C:\xampp\htdocs\job_trucking\src\TwoFactorAuthenticationInterface.php
C:\xampp\htdocs\job_trucking\src\TwoFactorAuthenticationInterface.php
C:\xampp\htdocs\job_trucking\src\UploadHandler.php
C:\xampp\htdocs\job_trucking\src\UploadHandler.php
C:\xampp\htdocs\job_trucking\src\UserProfile.php
C:\xampp\htdocs\job_trucking\src\UserProfile.php
C:\xampp\htdocs\job_trucking\src\XmlDocument.php
C:\xampp\htdocs\job_trucking\src\XmlDocument.php
C:\xampp\htdocs\job_trucking\src\apiroutes.php
C:\xampp\htdocs\job_trucking\src\apiroutes.php
C:\xampp\htdocs\job_trucking\src\config.development.php
C:\xampp\htdocs\job_trucking\src\config.development.php
C:\xampp\htdocs\job_trucking\src\config.php
C:\xampp\htdocs\job_trucking\src\config.php
C:\xampp\htdocs\job_trucking\src\config.production.php
C:\xampp\htdocs\job_trucking\src\config.production.php
C:\xampp\htdocs\job_trucking\src\constants.php
C:\xampp\htdocs\job_trucking\src\constants.php
C:\xampp\htdocs\job_trucking\src\definitions.php
C:\xampp\htdocs\job_trucking\src\definitions.php
C:\xampp\htdocs\job_trucking\src\phpfn.php
C:\xampp\htdocs\job_trucking\src\phpfn.php
C:\xampp\htdocs\job_trucking\src\routes.php
C:\xampp\htdocs\job_trucking\src\routes.php
C:\xampp\htdocs\job_trucking\src\userfn.php
C:\xampp\htdocs\job_trucking\src\userfn.php
C:\xampp\htdocs\job_trucking\src\userlevelsettings.php
C:\xampp\htdocs\job_trucking\src\userlevelsettings.php
C:\xampp\htdocs\job_trucking\views\AudittrailAdd.php
C:\xampp\htdocs\job_trucking\views\AudittrailAdd.php
C:\xampp\htdocs\job_trucking\views\AudittrailDelete.php
C:\xampp\htdocs\job_trucking\views\AudittrailDelete.php
C:\xampp\htdocs\job_trucking\views\AudittrailEdit.php
C:\xampp\htdocs\job_trucking\views\AudittrailEdit.php
C:\xampp\htdocs\job_trucking\views\AudittrailList.php
C:\xampp\htdocs\job_trucking\views\AudittrailList.php
C:\xampp\htdocs\job_trucking\views\AudittrailView.php
C:\xampp\htdocs\job_trucking\views\AudittrailView.php
C:\xampp\htdocs\job_trucking\views\Beranda.php
C:\xampp\htdocs\job_trucking\views\Beranda.php
C:\xampp\htdocs\job_trucking\views\ChangePassword.php
C:\xampp\htdocs\job_trucking\views\ChangePassword.php
C:\xampp\htdocs\job_trucking\views\EmployeesAdd.php
C:\xampp\htdocs\job_trucking\views\EmployeesAdd.php
C:\xampp\htdocs\job_trucking\views\EmployeesDelete.php
C:\xampp\htdocs\job_trucking\views\EmployeesDelete.php
C:\xampp\htdocs\job_trucking\views\EmployeesEdit.php
C:\xampp\htdocs\job_trucking\views\EmployeesEdit.php
C:\xampp\htdocs\job_trucking\views\EmployeesList.php
C:\xampp\htdocs\job_trucking\views\EmployeesList.php
C:\xampp\htdocs\job_trucking\views\EmployeesView.php
C:\xampp\htdocs\job_trucking\views\EmployeesView.php
C:\xampp\htdocs\job_trucking\views\Error.php
C:\xampp\htdocs\job_trucking\views\Error.php
C:\xampp\htdocs\job_trucking\views\JobAdd.php
C:\xampp\htdocs\job_trucking\views\JobAdd.php
C:\xampp\htdocs\job_trucking\views\JobDelete.php
C:\xampp\htdocs\job_trucking\views\JobDelete.php
C:\xampp\htdocs\job_trucking\views\JobEdit.php
C:\xampp\htdocs\job_trucking\views\JobEdit.php
C:\xampp\htdocs\job_trucking\views\JobList.php
C:\xampp\htdocs\job_trucking\views\JobList.php
C:\xampp\htdocs\job_trucking\views\JobView.php
C:\xampp\htdocs\job_trucking\views\JobView.php
C:\xampp\htdocs\job_trucking\views\Login.php
C:\xampp\htdocs\job_trucking\views\Login.php
C:\xampp\htdocs\job_trucking\views\LokasiAdd.php
C:\xampp\htdocs\job_trucking\views\LokasiAdd.php
C:\xampp\htdocs\job_trucking\views\LokasiDelete.php
C:\xampp\htdocs\job_trucking\views\LokasiDelete.php
C:\xampp\htdocs\job_trucking\views\LokasiEdit.php
C:\xampp\htdocs\job_trucking\views\LokasiEdit.php
C:\xampp\htdocs\job_trucking\views\LokasiList.php
C:\xampp\htdocs\job_trucking\views\LokasiList.php
C:\xampp\htdocs\job_trucking\views\LokasiView.php
C:\xampp\htdocs\job_trucking\views\LokasiView.php
C:\xampp\htdocs\job_trucking\views\PersonalData.php
C:\xampp\htdocs\job_trucking\views\PersonalData.php
C:\xampp\htdocs\job_trucking\views\UserlevelpermissionsAdd.php
C:\xampp\htdocs\job_trucking\views\UserlevelpermissionsAdd.php
C:\xampp\htdocs\job_trucking\views\UserlevelpermissionsDelete.php
C:\xampp\htdocs\job_trucking\views\UserlevelpermissionsDelete.php
C:\xampp\htdocs\job_trucking\views\UserlevelpermissionsEdit.php
C:\xampp\htdocs\job_trucking\views\UserlevelpermissionsEdit.php
C:\xampp\htdocs\job_trucking\views\UserlevelpermissionsList.php
C:\xampp\htdocs\job_trucking\views\UserlevelpermissionsList.php
C:\xampp\htdocs\job_trucking\views\UserlevelpermissionsView.php
C:\xampp\htdocs\job_trucking\views\UserlevelpermissionsView.php
C:\xampp\htdocs\job_trucking\views\UserlevelsAdd.php
C:\xampp\htdocs\job_trucking\views\UserlevelsAdd.php
C:\xampp\htdocs\job_trucking\views\UserlevelsDelete.php
C:\xampp\htdocs\job_trucking\views\UserlevelsDelete.php
C:\xampp\htdocs\job_trucking\views\UserlevelsEdit.php
C:\xampp\htdocs\job_trucking\views\UserlevelsEdit.php
C:\xampp\htdocs\job_trucking\views\UserlevelsList.php
C:\xampp\htdocs\job_trucking\views\UserlevelsList.php
C:\xampp\htdocs\job_trucking\views\UserlevelsView.php
C:\xampp\htdocs\job_trucking\views\UserlevelsView.php
C:\xampp\htdocs\job_trucking\views\Userpriv.php
C:\xampp\htdocs\job_trucking\views\Userpriv.php
C:\xampp\htdocs\job_trucking\views\email.php
C:\xampp\htdocs\job_trucking\views\email.php
C:\xampp\htdocs\job_trucking\views\layout.php
C:\xampp\htdocs\job_trucking\views\layout.php
C:\xampp\htdocs\job_trucking\views\menu.php
C:\xampp\htdocs\job_trucking\views\menu.php
C:\xampp\htdocs\job_trucking\views\swagger.php
C:\xampp\htdocs\job_trucking\views\swagger.php
C:\xampp\htdocs\job_trucking\web.config